d:\encrypt_client\importpk2\debug\importpk2.pch
d:\encrypt_client\importpk2\debug\vc145.pdb
d:\encrypt_client\importpk2\debug\vc145.idb
d:\encrypt_client\importpk2\debug\pch.obj
d:\encrypt_client\importpk2\debug\shared_io.obj
d:\encrypt_client\importpk2\debug\pk2writer.obj
d:\encrypt_client\importpk2\debug\blowfish.obj
d:\encrypt_client\importpk2\debug\pk2builder.obj
d:\encrypt_client\importpk2\debug\pk2reader.obj
d:\encrypt_client\importpk2\debug\importpk2.obj
d:\encrypt_client\debug\importpk2.exe
d:\encrypt_client\debug\importpk2.pdb
d:\encrypt_client\importpk2\debug\importpk2.res
d:\encrypt_client\importpk2\debug\importpk2.ilk
d:\encrypt_client\importpk2\debug\importpk2.tlog\cl.command.1.tlog
d:\encrypt_client\importpk2\debug\importpk2.tlog\cl.items.tlog
d:\encrypt_client\importpk2\debug\importpk2.tlog\cl.read.1.tlog
d:\encrypt_client\importpk2\debug\importpk2.tlog\cl.write.1.tlog
d:\encrypt_client\importpk2\debug\importpk2.tlog\link.command.1.tlog
d:\encrypt_client\importpk2\debug\importpk2.tlog\link.read.1.tlog
d:\encrypt_client\importpk2\debug\importpk2.tlog\link.secondary.1.tlog
d:\encrypt_client\importpk2\debug\importpk2.tlog\link.write.1.tlog
d:\encrypt_client\importpk2\debug\importpk2.tlog\rc.command.1.tlog
d:\encrypt_client\importpk2\debug\importpk2.tlog\rc.read.1.tlog
d:\encrypt_client\importpk2\debug\importpk2.tlog\rc.write.1.tlog
