d:\encrypt_client\clientenclib\debug\clientenclib.pch
d:\encrypt_client\clientenclib\debug\vc145.pdb
d:\encrypt_client\clientenclib\debug\vc145.idb
d:\encrypt_client\clientenclib\debug\pch.obj
d:\encrypt_client\clientenclib\debug\remodelutility.obj
d:\encrypt_client\clientenclib\debug\nonencryptedfiles.obj
d:\encrypt_client\clientenclib\debug\memoryutility.obj
d:\encrypt_client\clientenclib\debug\library.obj
d:\encrypt_client\clientenclib\debug\encryptedfiles.obj
d:\encrypt_client\clientenclib\debug\dllmain.obj
d:\encrypt_client\debug\clientenclib.dll
d:\encrypt_client\debug\clientenclib.pdb
d:\encrypt_client\clientenclib\debug\clientenclib.res
d:\encrypt_client\debug\clientenclib.lib
d:\encrypt_client\debug\clientenclib.exp
d:\encrypt_client\clientenclib\debug\clientenclib.ilk
d:\encrypt_client\clientenclib\debug\clientenclib.tlog\cl.command.1.tlog
d:\encrypt_client\clientenclib\debug\clientenclib.tlog\cl.items.tlog
d:\encrypt_client\clientenclib\debug\clientenclib.tlog\cl.read.1.tlog
d:\encrypt_client\clientenclib\debug\clientenclib.tlog\cl.write.1.tlog
d:\encrypt_client\clientenclib\debug\clientenclib.tlog\link.command.1.tlog
d:\encrypt_client\clientenclib\debug\clientenclib.tlog\link.read.1.tlog
d:\encrypt_client\clientenclib\debug\clientenclib.tlog\link.secondary.1.tlog
d:\encrypt_client\clientenclib\debug\clientenclib.tlog\link.write.1.tlog
d:\encrypt_client\clientenclib\debug\clientenclib.tlog\rc.command.1.tlog
d:\encrypt_client\clientenclib\debug\clientenclib.tlog\rc.read.1.tlog
d:\encrypt_client\clientenclib\debug\clientenclib.tlog\rc.write.1.tlog
